[16:16:03] [main/INFO] (FabricLoader/GameProvider) Loading Minecraft 1.18.2 with Fabric Loader 0.14.10
[16:16:03] [main/INFO] (FabricLoader) Loading 82 mods:
	- architectury 4.10.86
	- betteranimalsplus 1.18.2-11.0.5
	- bewitchment 1.18-23
	- cacao 1.2
	- cardinal-components-base 4.1.3 via trinkets
	- cardinal-components-entity 4.1.3 via trinkets
	- cbcollection 0.0.1-1.18.2
	- cloth-basic-math 0.6.1 via cloth-config
	- cloth-config 6.4.90
	- com_typesafe_config 1.4.1 via croptopia
	- croptopia 2.0.5
	- culinaire 2.4.0
	- dawn 3.3.2
	- error_notifier 1.0.9 via roughlyenoughitems
	- expandeddelight 0.1.9
	- fabric-api 0.67.0+1.18.2
	- fabric-api-base 0.4.4+d7c144a860
	- fabric-api-lookup-api-v1 1.6.2+2373a54560
	- fabric-biome-api-v1 8.0.6+651bcc5960
	- fabric-block-api-v1 1.0.0+ee3621fc60 via fabric-api
	- fabric-blockrenderlayer-v1 1.1.12+3ac43d9560
	- fabric-command-api-v1 1.1.9+d7c144a860
	- fabric-commands-v0 0.2.8+b4f4f6cd60
	- fabric-containers-v0 0.1.23+d7c144a860
	- fabric-content-registries-v0 3.1.1+c85f2e3860
	- fabric-convention-tags-v1 1.0.1+474e4f7960
	- fabric-crash-report-info-v1 0.2.1+ee261a3e60
	- fabric-data-generation-api-v1 3.0.1+9fcb91d260
	- fabric-dimensions-v1 2.1.20+489d6f8260
	- fabric-entity-events-v1 1.4.8+d7c144a860
	- fabric-events-interaction-v0 0.4.19+d7c144a860
	- fabric-events-lifecycle-v0 0.2.19+d7c144a860
	- fabric-game-rule-api-v1 1.0.13+d7c144a860
	- fabric-gametest-api-v1 1.0.19+91b7aa6660
	- fabric-item-api-v1 1.5.2+17cbbd4360
	- fabric-item-groups-v0 0.3.14+91896a4960
	- fabric-key-binding-api-v1 1.0.12+54e5b2ec60
	- fabric-keybindings-v0 0.2.10+b4f4f6cd60
	- fabric-lifecycle-events-v1 2.1.0+cc71601c60
	- fabric-loot-api-v2 1.1.0+1997ad1260
	- fabric-loot-tables-v1 1.1.2+e747827960
	- fabric-mining-level-api-v1 2.1.4+cc71601c60
	- fabric-models-v0 0.3.6+d7c144a860
	- fabric-networking-api-v1 1.0.23+2d30af4b60
	- fabric-networking-v0 0.3.10+b4f4f6cd60
	- fabric-object-builder-api-v1 2.1.3+032c981d60
	- fabric-particles-v1 0.2.12+526dc1ac60
	- fabric-permissions-api-v0 0.1-SNAPSHOT via bewitchment
	- fabric-registry-sync-v0 0.9.10+0d9ab37260
	- fabric-renderer-api-v1 0.4.13+d882b91560
	- fabric-renderer-indigo 0.5.3+41a02c8a60
	- fabric-renderer-registries-v1 3.2.11+b4f4f6cd60
	- fabric-rendering-data-attachment-v1 0.3.7+d7c144a860
	- fabric-rendering-fluids-v1 2.0.2+54e5b2ec60
	- fabric-rendering-v0 1.1.13+b4f4f6cd60
	- fabric-rendering-v1 1.10.7+54e5b2ec60
	- fabric-resource-conditions-api-v1 2.0.3+91b7aa6660
	- fabric-resource-loader-v0 0.5.2+446e059560
	- fabric-screen-api-v1 1.0.10+d882b91560
	- fabric-screen-handler-api-v1 1.2.2+1f6558e860
	- fabric-textures-v0 1.0.12+3ac43d9560
	- fabric-transfer-api-v1 1.6.3+f4563ac860
	- fabric-transitive-access-wideners-v1 1.1.0+e747827960
	- fabricloader 0.14.10
	- farmersdelight 1.18.2-0.2.1
	- fiber 0.23.0-2 via patchouli
	- impersonate 2.4.1 via bewitchment
	- io_leangen_geantyref_geantyref 1.3.11 via croptopia
	- java 17
	- kanos_config 0.3.1+1.14.4-1.19 via pehkui
	- minecraft 1.18.2
	- org_spongepowered_configurate-core 4.1.2 via croptopia
	- org_spongepowered_configurate-hocon 4.1.2 via croptopia
	- patchouli 1.18.2-71.1-FABRIC
	- pehkui 3.6.0+1.14.4-1.19.3
	- playerabilitylib 1.5.0 via bewitchment
	- reach-entity-attributes 2.1.1 via bewitchment
	- roughlyenoughitems 8.3.571
	- step-height-entity-attribute 1.0.0 via bewitchment
	- terraform-wood-api-v1 3.0.0 via bewitchment
	- trinkets 3.3.1
	- valley 2.3.1-1.18.2
[16:16:11] [main/INFO] (FabricLoader/Mixin) SpongePowered MIXIN Subsystem Version=0.8.5 Source=file:/C:/Users/Alex/.gradle/caches/modules-2/files-2.1/net.fabricmc/sponge-mixin/0.11.4+mixin.0.8.5/c1dc27696aa4006e492c2485c9ccbcb26045a971/sponge-mixin-0.11.4+mixin.0.8.5.jar Service=Knot/Fabric Env=CLIENT
[16:16:12] [main/INFO] (FabricLoader/Mixin) Loaded Fabric development mappings for mixin remapper!
[16:16:12] [main/INFO] (FabricLoader/Mixin) Compatibility level set to JAVA_16
[16:16:12] [main/INFO] (FabricLoader/Mixin) Compatibility level set to JAVA_17
[16:16:15] [main/WARN] (FileUtil) Configuration conflict: there is more than one oshi.properties file on the classpath
[16:16:15] [main/WARN] (FileUtil) Configuration conflict: there is more than one oshi.architecture.properties file on the classpath
[16:16:22] [Render thread/INFO] (Minecraft) Environment: authHost='https://authserver.mojang.com', accountsHost='https://api.mojang.com', sessionHost='https://sessionserver.mojang.com', servicesHost='https://api.minecraftservices.com', name='PROD'
[16:16:28] [Render thread/ERROR] (Minecraft) Failed to verify authentication
com.mojang.authlib.exceptions.InvalidCredentialsException: Status: 401
	at com.mojang.authlib.exceptions.MinecraftClientHttpException.toAuthenticationException(MinecraftClientHttpException.java:56) ~[authlib-3.3.39.jar:?]
	at com.mojang.authlib.yggdrasil.YggdrasilUserApiService.fetchProperties(YggdrasilUserApiService.java:132) ~[authlib-3.3.39.jar:?]
	at com.mojang.authlib.yggdrasil.YggdrasilUserApiService.<init>(YggdrasilUserApiService.java:44) ~[authlib-3.3.39.jar:?]
	at com.mojang.authlib.yggdrasil.YggdrasilAuthenticationService.createUserApiService(YggdrasilAuthenticationService.java:153) ~[authlib-3.3.39.jar:?]
	at net.minecraft.client.MinecraftClient.createUserApiService(MinecraftClient.java:680) [minecraft-project-@-merged-named.jar:?]
	at net.minecraft.client.MinecraftClient.<init>(MinecraftClient.java:424) [minecraft-project-@-merged-named.jar:?]
	at net.minecraft.client.main.Main.main(Main.java:197) [minecraft-project-@-merged-named.jar:?]
	at net.fabricmc.loader.impl.game.minecraft.MinecraftGameProvider.launch(MinecraftGameProvider.java:461) [fabric-loader-0.14.10.jar:?]
	at net.fabricmc.loader.impl.launch.knot.Knot.launch(Knot.java:74) [fabric-loader-0.14.10.jar:?]
	at net.fabricmc.loader.impl.launch.knot.KnotClient.main(KnotClient.java:23) [fabric-loader-0.14.10.jar:?]
	at net.fabricmc.devlaunchinjector.Main.main(Main.java:86) [dev-launch-injector-0.2.1+build.8.jar:?]
Caused by: com.mojang.authlib.exceptions.MinecraftClientHttpException: Status: 401
	at com.mojang.authlib.minecraft.client.MinecraftClient.readInputStream(MinecraftClient.java:80) ~[authlib-3.3.39.jar:?]
	at com.mojang.authlib.minecraft.client.MinecraftClient.get(MinecraftClient.java:48) ~[authlib-3.3.39.jar:?]
	at com.mojang.authlib.yggdrasil.YggdrasilUserApiService.fetchProperties(YggdrasilUserApiService.java:113) ~[authlib-3.3.39.jar:?]
	... 9 more
[16:16:28] [Render thread/INFO] (Minecraft) Setting user: Player34
[16:16:29] [Render thread/INFO] (ValleyCraft) Screens initialized
[16:16:29] [Render thread/INFO] (ValleyCraft) initialing the sounds
[16:16:29] [Render thread/INFO] (ValleyCraft) The main mod initialization sections loaded fine somehow.
[16:16:29] [Render thread/INFO] (REI) [REI] Config loaded
[16:16:29] [Render thread/INFO] (NetworkManagerImpl) Registering S2C receiver with id roughlyenoughitems:request_tags_s2c
[16:16:29] [Render thread/INFO] (NetworkManagerImpl) Registering C2S receiver with id roughlyenoughitems:request_tags_c2s
[16:16:29] [Render thread/INFO] (REI) [REI] Registered plugin provider DefaultPlugin [roughlyenoughitems] for REIPlugin
[16:16:29] [Render thread/INFO] (REI) [REI] Registered plugin provider DefaultRuntimePlugin [roughlyenoughitems] for REIPlugin
[16:16:29] [Render thread/WARN] (REI) The entrypoint used by Culinaire, "rei" is deprecated and will be removed in a future version of Roughly Enough Items. Please use "rei_server", "rei_client" or "rei_common" instead.
[16:16:29] [Render thread/INFO] (REI) [REI] Registered plugin provider CulinaireREIPlugin [culinaire] for REIPlugin
[16:16:29] [Render thread/INFO] (REI) [REI] Registered plugin provider DefaultClientPlugin [roughlyenoughitems] for REIPlugin
[16:16:29] [Render thread/INFO] (REI) [REI] Registered plugin provider DefaultClientRuntimePlugin [roughlyenoughitems] for REIPlugin
[16:16:29] [Render thread/WARN] (REI) The entrypoint used by Farmer's Delight, "rei_plugins" is deprecated and will be removed in a future version of Roughly Enough Items. Please use "rei_server", "rei_client" or "rei_common" instead.
[16:16:29] [Render thread/INFO] (REI) [REI] Registered plugin provider FarmersDelightModREI [farmersdelight] for REIPlugin
[16:16:29] [Render thread/WARN] (REI) The entrypoint used by Expanded Delight, "rei_plugins" is deprecated and will be removed in a future version of Roughly Enough Items. Please use "rei_server", "rei_client" or "rei_common" instead.
[16:16:29] [Render thread/INFO] (REI) [REI] Registered plugin provider ExpandedDelightREI [expandeddelight] for REIPlugin
[16:16:29] [Render thread/WARN] (REI) The entrypoint used by Bewitchment, "rei_plugins" is deprecated and will be removed in a future version of Roughly Enough Items. Please use "rei_server", "rei_client" or "rei_common" instead.
[16:16:29] [Render thread/INFO] (REI) [REI] Registered plugin provider BWREIPlugin [bewitchment] for REIPlugin
[16:16:29] [Render thread/INFO] (REI) [REI] Registered plugin provider DefaultPlugin [roughlyenoughitems] for REIServerPlugin
[16:16:29] [Render thread/INFO] (REI) [REI] Registered plugin provider DefaultRuntimePlugin [roughlyenoughitems] for REIServerPlugin
[16:16:29] [Render thread/WARN] (REI) The entrypoint used by Culinaire, "rei" is deprecated and will be removed in a future version of Roughly Enough Items. Please use "rei_server", "rei_client" or "rei_common" instead.
[16:16:29] [Render thread/WARN] (REI) The entrypoint used by Farmer's Delight, "rei_plugins" is deprecated and will be removed in a future version of Roughly Enough Items. Please use "rei_server", "rei_client" or "rei_common" instead.
[16:16:29] [Render thread/WARN] (REI) The entrypoint used by Expanded Delight, "rei_plugins" is deprecated and will be removed in a future version of Roughly Enough Items. Please use "rei_server", "rei_client" or "rei_common" instead.
[16:16:29] [Render thread/WARN] (REI) The entrypoint used by Bewitchment, "rei_plugins" is deprecated and will be removed in a future version of Roughly Enough Items. Please use "rei_server", "rei_client" or "rei_common" instead.
[16:16:30] [Render thread/INFO] (REI) [REI] Registered plugin provider FabricFluidAPISupportPlugin for REIServerPlugin
[16:16:30] [Render thread/INFO] (REI) [REI] Registered plugin provider FabricFluidAPISupportPlugin for REIPlugin
[16:16:30] [Render thread/INFO] (NetworkManagerImpl) Registering C2S receiver with id roughlyenoughitems:delete_item
[16:16:30] [Render thread/INFO] (NetworkManagerImpl) Registering C2S receiver with id roughlyenoughitems:create_item
[16:16:30] [Render thread/INFO] (NetworkManagerImpl) Registering C2S receiver with id roughlyenoughitems:create_item_grab
[16:16:30] [Render thread/INFO] (NetworkManagerImpl) Registering C2S receiver with id roughlyenoughitems:create_item_hotbar
[16:16:30] [Render thread/INFO] (NetworkManagerImpl) Registering C2S receiver with id roughlyenoughitems:move_items
[16:16:30] [Render thread/ERROR] (Minecraft) No data fixer registered for kettle
[16:16:30] [Render thread/INFO] (BetterAnimalsPlusMod) Injecting super coyotes...
[16:16:30] [Render thread/INFO] (NetworkManagerImpl) Registering C2S receiver with id betteranimalsplus:main_channel/23ca639241d73eaf919246602470f295
[16:16:30] [Render thread/INFO] (NetworkManagerImpl) Registering S2C receiver with id betteranimalsplus:main_channel/23ca639241d73eaf919246602470f295
[16:16:30] [Render thread/INFO] (NetworkManagerImpl) Registering C2S receiver with id betteranimalsplus:main_channel/d8f3c48219d933a6b2302c4d780df514
[16:16:30] [Render thread/INFO] (NetworkManagerImpl) Registering S2C receiver with id betteranimalsplus:main_channel/d8f3c48219d933a6b2302c4d780df514
[16:16:30] [Render thread/INFO] (NetworkManagerImpl) Registering C2S receiver with id betteranimalsplus:main_channel/dd94e2f3f0db361b8621d0f834adec1b
[16:16:30] [Render thread/INFO] (NetworkManagerImpl) Registering S2C receiver with id betteranimalsplus:main_channel/dd94e2f3f0db361b8621d0f834adec1b
[16:16:30] [Render thread/INFO] (NetworkManagerImpl) Registering C2S receiver with id betteranimalsplus:main_channel/59f1974289d63eb58cbd6fe813098096
[16:16:30] [Render thread/INFO] (NetworkManagerImpl) Registering S2C receiver with id betteranimalsplus:main_channel/59f1974289d63eb58cbd6fe813098096
[16:16:30] [Render thread/INFO] (NetworkManagerImpl) Registering C2S receiver with id betteranimalsplus:main_channel/fd8d1482ead03ca8a9954263aa7f6289
[16:16:30] [Render thread/INFO] (NetworkManagerImpl) Registering S2C receiver with id betteranimalsplus:main_channel/fd8d1482ead03ca8a9954263aa7f6289
[16:16:30] [Render thread/INFO] (BetterAnimalsPlusMod) Overspawning lammergeiers...
[16:16:32] [Render thread/WARN] (REI) The entrypoint used by Culinaire, "rei" is deprecated and will be removed in a future version of Roughly Enough Items. Please use "rei_server", "rei_client" or "rei_common" instead.
[16:16:32] [Render thread/INFO] (REI) [REI] Registered plugin provider CulinaireREIPlugin [culinaire] for REIClientPlugin
[16:16:32] [Render thread/INFO] (REI) [REI] Registered plugin provider DefaultClientPlugin [roughlyenoughitems] for REIClientPlugin
[16:16:32] [Render thread/INFO] (REI) [REI] Registered plugin provider DefaultClientRuntimePlugin [roughlyenoughitems] for REIClientPlugin
[16:16:32] [Render thread/WARN] (REI) The entrypoint used by Farmer's Delight, "rei_plugins" is deprecated and will be removed in a future version of Roughly Enough Items. Please use "rei_server", "rei_client" or "rei_common" instead.
[16:16:32] [Render thread/INFO] (REI) [REI] Registered plugin provider FarmersDelightModREI [farmersdelight] for REIClientPlugin
[16:16:32] [Render thread/WARN] (REI) The entrypoint used by Expanded Delight, "rei_plugins" is deprecated and will be removed in a future version of Roughly Enough Items. Please use "rei_server", "rei_client" or "rei_common" instead.
[16:16:32] [Render thread/INFO] (REI) [REI] Registered plugin provider ExpandedDelightREI [expandeddelight] for REIClientPlugin
[16:16:32] [Render thread/WARN] (REI) The entrypoint used by Bewitchment, "rei_plugins" is deprecated and will be removed in a future version of Roughly Enough Items. Please use "rei_server", "rei_client" or "rei_common" instead.
[16:16:32] [Render thread/INFO] (REI) [REI] Registered plugin provider BWREIPlugin [bewitchment] for REIClientPlugin
[16:16:32] [Render thread/INFO] (NetworkManagerImpl) Registering S2C receiver with id roughlyenoughitems:ci_msg
[16:16:32] [Render thread/INFO] (NetworkManagerImpl) Registering S2C receiver with id roughlyenoughitems:og_not_enough
[16:16:32] [Render thread/INFO] (Indigo) [Indigo] Registering Indigo renderer!
[16:16:32] [Render thread/INFO] (NetworkManagerImpl) Registering S2C receiver with id architectury:spawn_entity_packet
[16:16:33] [Render thread/INFO] (BetterAnimalsPlusMod) Rendering squirrel physics...
[16:16:33] [Render thread/INFO] (Minecraft) Backend library: LWJGL version 3.2.2 build 10
[16:16:35] [Render thread/INFO] (Minecraft) Narrator library for x64 successfully loaded
[16:16:35] [Render thread/INFO] (Minecraft) Reloading ResourceManager: Default, Fabric Mods (Fabric Networking API (v1), Trinkets, Pehkui, Fabric Renderer Registries (v1), Fabric Events Interaction (v0), Fabric BlockRenderLayer Registration (v1), Fabric Loot Tables (v1), Croptopia, Fabric Rendering (v1), Step Height Entity Attribute, ValleyCraft, Fabric Command API (v1), Fabric Key Bindings (v0), Fabric Entity Events (v1), Fabric Particles (v1), Roughly Enough Items, Fabric Events Lifecycle (v0), Fabric Crash Report Info (v1), Fabric Containers (v0), Impersonate, Fabric Textures (v0), Pal, Fabric Item API (v1), Fabric Game Test API (v1), Fabric API Base, Fabric Convention Tags, Croptopia's Chocolaterie, Fabric Loot API (v2), Fabric Screen Handler API (v1), Fabric Transfer API (v1), Fabric Data Generation API (v1), Fabric Content Registries (v0), Reach Entity Attributes, Fabric Mining Level API (v1), Fabric Renderer - Indigo, Fabric Biome API (v1), Fabric Object Builder API (v1), Terraform Wood API (v1), Fabric Item Groups (v0), Cardinal Components API (entities), Fabric Networking (v0), Fabric Key Binding API (v1), Fabric Rendering Data Attachment (v1), Fabric Screen API (v1), Cookbook Collection, Fabric Rendering (v0), Fabric Resource Loader (v0), Fabric API Lookup API (v1), Fabric Commands (v0), Fabric Transitive Access Wideners (v1), Kanos Config, Fabric Dimensions API (v1), Culinaire, Cloth Config v6, Better Animals Plus, Fabric Renderer API (v1), Fabric API, Patchouli, Fabric Loader, Farmer's Delight, Dawn API, Fabric Resource Conditions API (v1), Fabric Rendering Fluids (v1), Fabric Registry Sync (v0), Expanded Delight, Fabric Lifecycle Events (v1), Bewitchment, Fabric Models (v0), Cardinal Components API (base), Fabric Game Rule API (v1))
[16:16:36] [Render thread/INFO] (cbcollection) This line is printed by an example mod mixin!
[16:16:36] [Render thread/INFO] (expandeddelight) This makes sure Expanded Delight mixins are loaded
[16:16:37] [Worker-Main-8/WARN] (Minecraft) Unable to load model: 'expandeddelight:block/chili_pepper_crop_stage1' referenced from: expandeddelight:chili_pepper_crop#age=0: java.io.FileNotFoundException: expandeddelight:models/block/chili_pepper_crop_stage1.json
[16:16:38] [Realms Notification Availability checker #1/INFO] (Minecraft) Could not authorize you against Realms server: Invalid session id
[16:16:39] [Worker-Main-8/WARN] (Minecraft) Unable to resolve texture reference: #missing in valley:block/starfish
[16:16:39] [Worker-Main-8/WARN] (Minecraft) Unable to resolve texture reference: #missing in valley:block/swamp_bush
[16:16:39] [Worker-Main-8/WARN] (Minecraft) Unable to resolve texture reference: #missing in valley:item/verdant_bush
[16:16:40] [Render thread/INFO] (Minecraft) OpenAL initialized on device OpenAL Soft on Lautsprecher (Realtek(R) Audio)
[16:16:40] [Render thread/INFO] (Minecraft) Sound engine started
[16:16:40] [Render thread/INFO] (Minecraft) Created: 2048x2048x4 minecraft:textures/atlas/blocks.png-atlas
[16:16:40] [Render thread/INFO] (Minecraft) Created: 256x256x4 minecraft:textures/atlas/signs.png-atlas
[16:16:40] [Render thread/INFO] (Minecraft) Created: 1024x512x4 minecraft:textures/atlas/banner_patterns.png-atlas
[16:16:40] [Render thread/INFO] (Minecraft) Created: 1024x512x4 minecraft:textures/atlas/shield_patterns.png-atlas
[16:16:40] [Render thread/INFO] (Minecraft) Created: 512x512x4 minecraft:textures/atlas/chest.png-atlas
[16:16:40] [Render thread/INFO] (Minecraft) Created: 512x256x4 minecraft:textures/atlas/beds.png-atlas
[16:16:40] [Render thread/INFO] (Minecraft) Created: 512x256x4 minecraft:textures/atlas/shulker_boxes.png-atlas
[16:16:41] [Render thread/INFO] (Minecraft) Created: 256x256x0 minecraft:textures/atlas/particles.png-atlas
[16:16:41] [Render thread/INFO] (Minecraft) Created: 256x256x0 minecraft:textures/atlas/paintings.png-atlas
[16:16:41] [Render thread/INFO] (Minecraft) Created: 256x256x0 minecraft:textures/atlas/mob_effects.png-atlas
[16:16:41] [Render thread/INFO] (patchouli) BookContentResourceListenerLoader preloaded 0 jsons
[16:16:41] [Render thread/INFO] (patchouli) Not reloading resource pack-based books as client world is missing
[16:16:42] [Render thread/INFO] (cbcollection) This line is printed by an example mod mixin!
[16:16:42] [Render thread/INFO] (expandeddelight) This makes sure Expanded Delight mixins are loaded
[16:16:45] [Render thread/INFO] (cbcollection) This line is printed by an example mod mixin!
[16:16:45] [Render thread/INFO] (expandeddelight) This makes sure Expanded Delight mixins are loaded
[16:16:47] [Render thread/INFO] (FabricRegistrySync) [fabric-registry-sync] Loaded registry data [file 1/4]
[16:16:48] [Render thread/WARN] (Minecraft) Ambiguity between arguments [teleport, location] and [teleport, destination] with inputs: [0.1 -0.5 .9, 0 0 0]
[16:16:48] [Render thread/WARN] (Minecraft) Ambiguity between arguments [teleport, location] and [teleport, targets] with inputs: [0.1 -0.5 .9, 0 0 0]
[16:16:48] [Render thread/WARN] (Minecraft) Ambiguity between arguments [teleport, destination] and [teleport, targets] with inputs: [Player, 0123, @e, dd12be42-52a9-4a91-a8a1-11c01849e498]
[16:16:48] [Render thread/WARN] (Minecraft) Ambiguity between arguments [teleport, targets] and [teleport, destination] with inputs: [Player, 0123, dd12be42-52a9-4a91-a8a1-11c01849e498]
[16:16:48] [Render thread/WARN] (Minecraft) Ambiguity between arguments [teleport, targets, location] and [teleport, targets, destination] with inputs: [0.1 -0.5 .9, 0 0 0]
[16:16:48] [Render thread/WARN] (Minecraft) Ambiguity between arguments [scale, get, scale_type] and [scale, get, entity] with inputs: [base]
[16:16:48] [Render thread/WARN] (Minecraft) Ambiguity between arguments [scale, get, scale_type, entity] and [scale, get, scale_type, scalingFactor] with inputs: [0123]
[16:16:48] [Render thread/WARN] (Minecraft) Ambiguity between arguments [scale, get, scale_type, scalingFactor] and [scale, get, scale_type, entity] with inputs: [0, -1, -.5, 1.2, .5, -1234.56]
[16:16:48] [Render thread/WARN] (Minecraft) Ambiguity between arguments [scale, get, scalingFactor] and [scale, get, entity] with inputs: [0, -1, -.5, 1.2, .5, -1234.56]
[16:16:48] [Render thread/WARN] (Minecraft) Ambiguity between arguments [scale, get, entity] and [scale, get, scalingFactor] with inputs: [0123]
[16:16:48] [Render thread/WARN] (Minecraft) Ambiguity between arguments [scale, compute, scale_type, entity] and [scale, compute, scale_type, scalingFactor] with inputs: [0123]
[16:16:48] [Render thread/WARN] (Minecraft) Ambiguity between arguments [scale, compute, scale_type, scalingFactor] and [scale, compute, scale_type, entity] with inputs: [0, -1, -.5, 1.2, .5, -1234.56]
[16:16:48] [Render thread/WARN] (Minecraft) Ambiguity between arguments [scale, reset, scale_type] and [scale, reset, targets] with inputs: [base]
[16:16:48] [Render thread/WARN] (Minecraft) Ambiguity between arguments [scale, delay, get, scale_type] and [scale, delay, get, entity] with inputs: [base]
[16:16:48] [Render thread/WARN] (Minecraft) Ambiguity between arguments [scale, delay, reset, scale_type] and [scale, delay, reset, targets] with inputs: [base]
[16:16:48] [Render thread/WARN] (Minecraft) Ambiguity between arguments [scale, easing, get, scale_type] and [scale, easing, get, entity] with inputs: [base]
[16:16:48] [Render thread/WARN] (Minecraft) Ambiguity between arguments [scale, easing, reset, scale_type] and [scale, easing, reset, targets] with inputs: [base]
[16:16:48] [Render thread/WARN] (Minecraft) Ambiguity between arguments [scale, persist, reset, scale_type] and [scale, persist, reset, targets] with inputs: [base]
[16:16:49] [Render thread/INFO] (Minecraft) Loaded 17 recipes
[16:16:49] [Render thread/ERROR] (Minecraft) Parsing error loading custom advancement valley:exploration/cave_spider_egg: Invalid criterion trigger: valley:spider_spawn
[16:16:49] [Render thread/INFO] (Minecraft) Loaded 1960 advancements
[16:16:51] [Render thread/INFO] (FabricRegistrySync) [fabric-registry-sync] Loaded registry data [file 1/4]
[16:16:51] [Render thread/WARN] (Minecraft) Ambiguity between arguments [teleport, location] and [teleport, destination] with inputs: [0.1 -0.5 .9, 0 0 0]
[16:16:51] [Render thread/WARN] (Minecraft) Ambiguity between arguments [teleport, location] and [teleport, targets] with inputs: [0.1 -0.5 .9, 0 0 0]
[16:16:51] [Render thread/WARN] (Minecraft) Ambiguity between arguments [teleport, destination] and [teleport, targets] with inputs: [Player, 0123, @e, dd12be42-52a9-4a91-a8a1-11c01849e498]
[16:16:51] [Render thread/WARN] (Minecraft) Ambiguity between arguments [teleport, targets] and [teleport, destination] with inputs: [Player, 0123, dd12be42-52a9-4a91-a8a1-11c01849e498]
[16:16:51] [Render thread/WARN] (Minecraft) Ambiguity between arguments [teleport, targets, location] and [teleport, targets, destination] with inputs: [0.1 -0.5 .9, 0 0 0]
[16:16:51] [Render thread/WARN] (Minecraft) Ambiguity between arguments [scale, get, scale_type] and [scale, get, entity] with inputs: [base]
[16:16:51] [Render thread/WARN] (Minecraft) Ambiguity between arguments [scale, get, scale_type, entity] and [scale, get, scale_type, scalingFactor] with inputs: [0123]
[16:16:51] [Render thread/WARN] (Minecraft) Ambiguity between arguments [scale, get, scale_type, scalingFactor] and [scale, get, scale_type, entity] with inputs: [0, -1, -.5, 1.2, .5, -1234.56]
[16:16:51] [Render thread/WARN] (Minecraft) Ambiguity between arguments [scale, get, scalingFactor] and [scale, get, entity] with inputs: [0, -1, -.5, 1.2, .5, -1234.56]
[16:16:51] [Render thread/WARN] (Minecraft) Ambiguity between arguments [scale, get, entity] and [scale, get, scalingFactor] with inputs: [0123]
[16:16:51] [Render thread/WARN] (Minecraft) Ambiguity between arguments [scale, compute, scale_type, entity] and [scale, compute, scale_type, scalingFactor] with inputs: [0123]
[16:16:51] [Render thread/WARN] (Minecraft) Ambiguity between arguments [scale, compute, scale_type, scalingFactor] and [scale, compute, scale_type, entity] with inputs: [0, -1, -.5, 1.2, .5, -1234.56]
[16:16:51] [Render thread/WARN] (Minecraft) Ambiguity between arguments [scale, reset, scale_type] and [scale, reset, targets] with inputs: [base]
[16:16:51] [Render thread/WARN] (Minecraft) Ambiguity between arguments [scale, delay, get, scale_type] and [scale, delay, get, entity] with inputs: [base]
[16:16:51] [Render thread/WARN] (Minecraft) Ambiguity between arguments [scale, delay, reset, scale_type] and [scale, delay, reset, targets] with inputs: [base]
[16:16:51] [Render thread/WARN] (Minecraft) Ambiguity between arguments [scale, easing, get, scale_type] and [scale, easing, get, entity] with inputs: [base]
[16:16:51] [Render thread/WARN] (Minecraft) Ambiguity between arguments [scale, easing, reset, scale_type] and [scale, easing, reset, targets] with inputs: [base]
[16:16:51] [Render thread/WARN] (Minecraft) Ambiguity between arguments [scale, persist, reset, scale_type] and [scale, persist, reset, targets] with inputs: [base]
[16:16:52] [Render thread/INFO] (Minecraft) Loaded 17 recipes
[16:16:52] [Render thread/ERROR] (Minecraft) Parsing error loading custom advancement valley:exploration/cave_spider_egg: Invalid criterion trigger: valley:spider_spawn
[16:16:52] [Render thread/INFO] (Minecraft) Loaded 1960 advancements
[16:16:53] [Render thread/INFO] (Minecraft) Environment: authHost='https://authserver.mojang.com', accountsHost='https://api.mojang.com', sessionHost='https://sessionserver.mojang.com', servicesHost='https://api.minecraftservices.com', name='PROD'
[16:16:53] [Render thread/INFO] (BiomeModificationImpl) Applied 1840 biome modifications to 61 of 61 new biomes in 53.91 ms
[16:16:53] [Server thread/INFO] (FabricConfigContainer) Successfully loaded 'C:\modding\CBCollection-1.18.2\run\saves\New World\.\serverconfig\betteranimalsplus-server.json5'
[16:16:53] [Server thread/INFO] (FabricConfigContainer) Successfully loaded 'C:\modding\CBCollection-1.18.2\run\config\betteranimalsplus-client.json5'
[16:16:53] [Server thread/INFO] (Minecraft) Starting integrated minecraft server version 1.18.2
[16:16:53] [Server thread/INFO] (Minecraft) Generating keypair
[16:16:54] [Server thread/INFO] (Minecraft) Preparing start region for dimension minecraft:overworld
[16:16:54] [Render thread/INFO] (Minecraft) Preparing spawn area: 0%
[16:16:54] [Render thread/INFO] (Minecraft) Preparing spawn area: 0%
[16:16:55] [Render thread/INFO] (Minecraft) Preparing spawn area: 0%
[16:16:55] [Render thread/INFO] (Minecraft) Preparing spawn area: 0%
[16:16:56] [Render thread/INFO] (Minecraft) Preparing spawn area: 4%
[16:16:56] [Render thread/INFO] (Minecraft) Preparing spawn area: 19%
[16:16:57] [Render thread/INFO] (Minecraft) Preparing spawn area: 30%
[16:16:57] [Render thread/INFO] (Minecraft) Time elapsed: 3735 ms
[16:16:57] [Server thread/INFO] (Minecraft) Changing view distance to 12, from 10
[16:16:57] [Server thread/INFO] (Minecraft) Changing simulation distance to 12, from 0
[16:16:58] [Server thread/INFO] (Minecraft) Player34[local:E:01661ad3] logged in with entity id 162 at (-322.62904126037273, 77.0, -154.2706172127595)
[16:16:58] [Server thread/INFO] (Minecraft) Player34 joined the game
[16:16:59] [Netty Local Client IO #0/INFO] (FabricConfigContainer) Successfully loaded 'C:\modding\CBCollection-1.18.2\run\config\betteranimalsplus-client.json5'
[16:16:59] [Render thread/WARN] (Minecraft) Unknown recipe category: farmersdelight:cutting/farmersdelight:cutting/dark_oak_wood
[16:16:59] [Render thread/WARN] (Minecraft) Unknown recipe category: farmersdelight:cooking/farmersdelight:cooking/rabbit_stew
[16:16:59] [Render thread/WARN] (Minecraft) Unknown recipe category: farmersdelight:cutting/farmersdelight:cutting/mutton
[16:16:59] [Render thread/WARN] (Minecraft) Unknown recipe category: farmersdelight:cutting/farmersdelight:cutting/ham
[16:16:59] [Render thread/WARN] (Minecraft) Unknown recipe category: farmersdelight:cutting/farmersdelight:cutting/warped_stem
[16:16:59] [Render thread/WARN] (Minecraft) Unknown recipe category: farmersdelight:cutting/farmersdelight:cutting/oak_door
[16:16:59] [Render thread/WARN] (Minecraft) Unknown recipe category: farmersdelight:cutting/farmersdelight:cutting/jungle_sign
[16:16:59] [Render thread/WARN] (Minecraft) Unknown recipe category: farmersdelight:cutting/farmersdelight:cutting/jungle_trapdoor
[16:16:59] [Render thread/WARN] (Minecraft) Unknown recipe category: farmersdelight:cooking/expandeddelight:farmersdelight/cooking/asparagus_and_bacon_cheesy
[16:16:59] [Render thread/WARN] (Minecraft) Unknown recipe category: farmersdelight:cutting/farmersdelight:cutting/clay
[16:16:59] [Render thread/WARN] (Minecraft) Unknown recipe category: farmersdelight:cooking/farmersdelight:cooking/mushroom_stew
[16:16:59] [Render thread/WARN] (Minecraft) Unknown recipe category: farmersdelight:cutting/farmersdelight:cutting/cooked_cod
[16:16:59] [Render thread/WARN] (Minecraft) Unknown recipe category: farmersdelight:cooking/farmersdelight:cooking/pasta_with_mutton_chop
[16:16:59] [Render thread/WARN] (Minecraft) Unknown recipe category: farmersdelight:cooking/expandeddelight:farmersdelight/cooking/cinnamon_apples
[16:16:59] [Render thread/WARN] (Minecraft) Unknown recipe category: farmersdelight:cutting/farmersdelight:cutting/oak_wood
[16:16:59] [Render thread/WARN] (Minecraft) Unknown recipe category: farmersdelight:cutting/farmersdelight:cutting/chocolate_pie
[16:16:59] [Render thread/WARN] (Minecraft) Unknown recipe category: farmersdelight:cutting/expandeddelight:farmersdelight/cutting/cinnamon_log
[16:16:59] [Render thread/WARN] (Minecraft) Unknown recipe category: farmersdelight:cutting/farmersdelight:cutting/crimson_hyphae
[16:16:59] [Render thread/WARN] (Minecraft) Unknown recipe category: farmersdelight:cutting/farmersdelight:cutting/leather_leggings
[16:16:59] [Render thread/WARN] (Minecraft) Unknown recipe category: farmersdelight:cutting/farmersdelight:cutting/cod
[16:16:59] [Render thread/WARN] (Minecraft) Unknown recipe category: farmersdelight:cooking/farmersdelight:cooking/dumplings
[16:16:59] [Render thread/WARN] (Minecraft) Unknown recipe category: farmersdelight:cutting/farmersdelight:cutting/oak_log
[16:16:59] [Render thread/WARN] (Minecraft) Unknown recipe category: farmersdelight:cooking/expandeddelight:farmersdelight/cooking/mac_and_cheese
[16:16:59] [Render thread/WARN] (Minecraft) Unknown recipe category: farmersdelight:cutting/farmersdelight:cutting/saddle
[16:16:59] [Render thread/WARN] (Minecraft) Unknown recipe category: farmersdelight:cutting/farmersdelight:cutting/nether_bricks
[16:16:59] [Render thread/WARN] (Minecraft) Unknown recipe category: farmersdelight:cooking/expandeddelight:farmersdelight/cooking/cinnamon_rice
[16:16:59] [Render thread/WARN] (Minecraft) Unknown recipe category: farmersdelight:cutting/farmersdelight:cutting/dark_oak_trapdoor
[16:16:59] [Render thread/WARN] (Minecraft) Unknown recipe category: farmersdelight:cutting/farmersdelight:cutting/acacia_wood
[16:16:59] [Render thread/WARN] (Minecraft) Unknown recipe category: farmersdelight:cutting/farmersdelight:cutting/cooked_mutton
[16:16:59] [Render thread/WARN] (Minecraft) Unknown recipe category: farmersdelight:cooking/expandeddelight:farmersdelight/cooking/sweet_berry_jelly
[16:16:59] [Render thread/WARN] (Minecraft) Unknown recipe category: farmersdelight:cooking/farmersdelight:cooking/fried_rice
[16:16:59] [Render thread/WARN] (Minecraft) Unknown recipe category: farmersdelight:cooking/farmersdelight:cooking/ratatouille
[16:16:59] [Render thread/WARN] (Minecraft) Unknown recipe category: farmersdelight:cooking/farmersdelight:cooking/vegetable_noodles
[16:16:59] [Render thread/WARN] (Minecraft) Unknown recipe category: farmersdelight:cooking/expandeddelight:farmersdelight/cooking/asparagus_soup
[16:16:59] [Render thread/WARN] (Minecraft) Unknown recipe category: farmersdelight:cooking/expandeddelight:farmersdelight/cooking/glow_berry_jelly
[16:16:59] [Render thread/WARN] (Minecraft) Unknown recipe category: farmersdelight:cooking/farmersdelight:cooking/noodle_soup
[16:16:59] [Render thread/WARN] (Minecraft) Unknown recipe category: farmersdelight:cutting/farmersdelight:cutting/beef
[16:16:59] [Render thread/WARN] (Minecraft) Unknown recipe category: farmersdelight:cutting/farmersdelight:cutting/crimson_door
[16:16:59] [Render thread/WARN] (Minecraft) Unknown recipe category: farmersdelight:cutting/farmersdelight:cutting/crimson_sign
[16:16:59] [Render thread/WARN] (Minecraft) Unknown recipe category: farmersdelight:cutting/farmersdelight:cutting/dark_oak_door
[16:16:59] [Render thread/WARN] (Minecraft) Unknown recipe category: farmersdelight:cooking/farmersdelight:cooking/chicken_soup
[16:16:59] [Render thread/WARN] (Minecraft) Unknown recipe category: farmersdelight:cutting/farmersdelight:cutting/birch_wood
[16:16:59] [Render thread/WARN] (Minecraft) Unknown recipe category: farmersdelight:cooking/expandeddelight:farmersdelight/cooking/asparagus_soup_creamy
[16:16:59] [Render thread/WARN] (Minecraft) Unknown recipe category: farmersdelight:cutting/farmersdelight:cutting/leather_boots
[16:16:59] [Render thread/WARN] (Minecraft) Unknown recipe category: farmersdelight:cutting/farmersdelight:cutting/leather_chestplate
[16:16:59] [Render thread/WARN] (Minecraft) Unknown recipe category: farmersdelight:cutting/farmersdelight:cutting/birch_sign
[16:16:59] [Render thread/WARN] (Minecraft) Unknown recipe category: farmersdelight:cooking/farmersdelight:cooking/pumpkin_soup
[16:16:59] [Render thread/WARN] (Minecraft) Unknown recipe category: farmersdelight:cutting/farmersdelight:cutting/warped_sign
[16:16:59] [Render thread/WARN] (Minecraft) Unknown recipe category: farmersdelight:cutting/farmersdelight:cutting/cooked_salmon
[16:16:59] [Render thread/WARN] (Minecraft) Unknown recipe category: farmersdelight:cutting/farmersdelight:cutting/birch_log
[16:16:59] [Render thread/WARN] (Minecraft) Unknown recipe category: farmersdelight:cutting/farmersdelight:cutting/pumpkin
[16:16:59] [Render thread/WARN] (Minecraft) Unknown recipe category: farmersdelight:cutting/farmersdelight:cutting/crimson_trapdoor
[16:16:59] [Render thread/WARN] (Minecraft) Unknown recipe category: farmersdelight:cooking/farmersdelight:cooking/hot_cocoa
[16:16:59] [Render thread/WARN] (Minecraft) Unknown recipe category: farmersdelight:cooking/farmersdelight:cooking/beetroot_soup
[16:16:59] [Render thread/WARN] (Minecraft) Unknown recipe category: farmersdelight:cutting/farmersdelight:cutting/bricks
[16:16:59] [Render thread/WARN] (Minecraft) Unknown recipe category: farmersdelight:cutting/farmersdelight:cutting/oak_sign
[16:16:59] [Render thread/WARN] (Minecraft) Unknown recipe category: farmersdelight:cutting/farmersdelight:cutting/acacia_sign
[16:16:59] [Render thread/WARN] (Minecraft) Unknown recipe category: farmersdelight:cutting/farmersdelight:cutting/cooked_chicken
[16:16:59] [Render thread/WARN] (Minecraft) Unknown recipe category: farmersdelight:cutting/farmersdelight:cutting/birch_door
[16:16:59] [Render thread/WARN] (Minecraft) Unknown recipe category: farmersdelight:cutting/farmersdelight:cutting/spruce_door
[16:16:59] [Render thread/WARN] (Minecraft) Unknown recipe category: farmersdelight:cutting/farmersdelight:cutting/salmon
[16:16:59] [Render thread/WARN] (Minecraft) Unknown recipe category: farmersdelight:cooking/farmersdelight:cooking/dog_food
[16:16:59] [Render thread/WARN] (Minecraft) Unknown recipe category: farmersdelight:cooking/farmersdelight:cooking/fish_stew
[16:16:59] [Render thread/WARN] (Minecraft) Unknown recipe category: expandeddelight:juicing/expandeddelight:expandeddelight/juicing/apple_juice
[16:16:59] [Render thread/WARN] (Minecraft) Unknown recipe category: farmersdelight:cutting/farmersdelight:cutting/cabbage
[16:16:59] [Render thread/WARN] (Minecraft) Unknown recipe category: farmersdelight:cutting/farmersdelight:cutting/cake
[16:16:59] [Render thread/WARN] (Minecraft) Unknown recipe category: farmersdelight:cooking/farmersdelight:cooking/squid_ink_pasta
[16:16:59] [Render thread/WARN] (Minecraft) Unknown recipe category: farmersdelight:cutting/farmersdelight:cutting/dark_oak_log
[16:16:59] [Render thread/WARN] (Minecraft) Unknown recipe category: farmersdelight:cutting/farmersdelight:cutting/rice_panicle
[16:16:59] [Render thread/WARN] (Minecraft) Unknown recipe category: farmersdelight:cooking/farmersdelight:cooking/stuffed_pumpkin_block
[16:16:59] [Render thread/WARN] (Minecraft) Unknown recipe category: farmersdelight:cutting/farmersdelight:cutting/acacia_log
[16:16:59] [Render thread/WARN] (Minecraft) Unknown recipe category: farmersdelight:cutting/expandeddelight:farmersdelight/cutting/cheese_slice
[16:16:59] [Render thread/WARN] (Minecraft) Unknown recipe category: farmersdelight:cutting/farmersdelight:cutting/apple_pie
[16:16:59] [Render thread/WARN] (Minecraft) Unknown recipe category: farmersdelight:cutting/farmersdelight:cutting/jungle_log
[16:16:59] [Render thread/WARN] (Minecraft) Unknown recipe category: farmersdelight:cooking/farmersdelight:cooking/cooked_rice
[16:16:59] [Render thread/WARN] (Minecraft) Unknown recipe category: farmersdelight:cutting/farmersdelight:cutting/spruce_wood
[16:16:59] [Render thread/WARN] (Minecraft) Unknown recipe category: farmersdelight:cutting/farmersdelight:cutting/dark_oak_sign
[16:16:59] [Render thread/WARN] (Minecraft) Unknown recipe category: farmersdelight:cutting/farmersdelight:cutting/warped_trapdoor
[16:16:59] [Render thread/WARN] (Minecraft) Unknown recipe category: farmersdelight:cutting/farmersdelight:cutting/oak_trapdoor
[16:16:59] [Render thread/WARN] (Minecraft) Unknown recipe category: farmersdelight:cutting/farmersdelight:cutting/spruce_sign
[16:16:59] [Render thread/WARN] (Minecraft) Unknown recipe category: farmersdelight:cutting/farmersdelight:cutting/melon
[16:16:59] [Render thread/WARN] (Minecraft) Unknown recipe category: farmersdelight:cooking/farmersdelight:cooking/cabbage_rolls
[16:16:59] [Render thread/WARN] (Minecraft) Unknown recipe category: farmersdelight:cooking/expandeddelight:farmersdelight/cooking/peanut_honey_soup
[16:16:59] [Render thread/WARN] (Minecraft) Unknown recipe category: farmersdelight:cutting/farmersdelight:cutting/spruce_log
[16:16:59] [Render thread/WARN] (Minecraft) Unknown recipe category: farmersdelight:cooking/farmersdelight:cooking/vegetable_soup
[16:16:59] [Render thread/WARN] (Minecraft) Unknown recipe category: farmersdelight:cutting/farmersdelight:cutting/acacia_door
[16:16:59] [Render thread/WARN] (Minecraft) Unknown recipe category: farmersdelight:cooking/farmersdelight:cooking/tomato_sauce
[16:16:59] [Render thread/WARN] (Minecraft) Unknown recipe category: farmersdelight:cutting/farmersdelight:cutting/warped_hyphae
[16:16:59] [Render thread/WARN] (Minecraft) Unknown recipe category: farmersdelight:cutting/farmersdelight:cutting/jungle_door
[16:16:59] [Render thread/WARN] (Minecraft) Unknown recipe category: farmersdelight:cutting/farmersdelight:cutting/chicken
[16:16:59] [Render thread/WARN] (Minecraft) Unknown recipe category: farmersdelight:cutting/farmersdelight:cutting/crimson_stem
[16:16:59] [Render thread/WARN] (Minecraft) Unknown recipe category: farmersdelight:cutting/farmersdelight:cutting/red_mushroom_colony
[16:16:59] [Render thread/WARN] (Minecraft) Unknown recipe category: farmersdelight:cooking/expandeddelight:farmersdelight/cooking/peperonata
[16:16:59] [Render thread/WARN] (Minecraft) Unknown recipe category: farmersdelight:cutting/farmersdelight:cutting/leather_helmet
[16:16:59] [Render thread/WARN] (Minecraft) Unknown recipe category: farmersdelight:cutting/farmersdelight:cutting/smoked_ham
[16:16:59] [Render thread/WARN] (Minecraft) Unknown recipe category: farmersdelight:cutting/farmersdelight:cutting/acacia_trapdoor
[16:16:59] [Render thread/WARN] (Minecraft) Unknown recipe category: farmersdelight:cooking/farmersdelight:cooking/beef_stew
[16:16:59] [Render thread/WARN] (Minecraft) Unknown recipe category: farmersdelight:cooking/farmersdelight:cooking/pasta_with_meatballs
[16:16:59] [Render thread/WARN] (Minecraft) Unknown recipe category: farmersdelight:cutting/farmersdelight:cutting/porkchop
[16:16:59] [Render thread/WARN] (Minecraft) Unknown recipe category: farmersdelight:cutting/farmersdelight:cutting/brown_mushroom_colony
[16:16:59] [Render thread/WARN] (Minecraft) Unknown recipe category: farmersdelight:cutting/farmersdelight:cutting/warped_door
[16:16:59] [Render thread/WARN] (Minecraft) Unknown recipe category: farmersdelight:cutting/farmersdelight:cutting/sweet_berry_cheesecake
[16:16:59] [Render thread/WARN] (Minecraft) Unknown recipe category: farmersdelight:cutting/farmersdelight:cutting/spruce_trapdoor
[16:16:59] [Render thread/WARN] (Minecraft) Unknown recipe category: farmersdelight:cooking/farmersdelight:cooking/baked_cod_stew
[16:16:59] [Render thread/WARN] (Minecraft) Unknown recipe category: farmersdelight:cutting/farmersdelight:cutting/jungle_wood
[16:16:59] [Render thread/WARN] (Minecraft) Unknown recipe category: farmersdelight:cutting/farmersdelight:cutting/birch_trapdoor
[16:16:59] [REI-ReloadPlugins/INFO] (REI) [REI] Reloading Plugin Manager [REIPlugin] stage [START], registered 9 plugins: DefaultRuntimePlugin of DefaultRuntimePlugin [roughlyenoughitems], CulinaireREIPlugin of CulinaireREIPlugin [culinaire], DefaultClientRuntimePlugin of DefaultClientRuntimePlugin [roughlyenoughitems], FarmersDelightModREI of FarmersDelightModREI [farmersdelight], ExpandedDelightREI of ExpandedDelightREI [expandeddelight], BWREIPlugin of BWREIPlugin [bewitchment], FabricFluidAPISupportPlugin, DefaultPlugin of DefaultPlugin [roughlyenoughitems], DefaultClientPlugin of DefaultClientPlugin [roughlyenoughitems]
[16:16:59] [REI-ReloadPlugins/INFO] (REI) [REI] Reloading Plugin Manager [REIClientPlugin] stage [START], registered 6 plugins: CulinaireREIPlugin of CulinaireREIPlugin [culinaire], DefaultClientRuntimePlugin of DefaultClientRuntimePlugin [roughlyenoughitems], FarmersDelightModREI of FarmersDelightModREI [farmersdelight], ExpandedDelightREI of ExpandedDelightREI [expandeddelight], BWREIPlugin of BWREIPlugin [bewitchment], DefaultClientPlugin of DefaultClientPlugin [roughlyenoughitems]
[16:16:59] [Render thread/INFO] (Minecraft) Loaded 42 advancements
[16:16:59] [REI-ReloadPlugins/INFO] (REI) [REI] Reloading Plugin Manager [REIServerPlugin] stage [START], registered 3 plugins: DefaultRuntimePlugin of DefaultRuntimePlugin [roughlyenoughitems], FabricFluidAPISupportPlugin, DefaultPlugin of DefaultPlugin [roughlyenoughitems]
[16:16:59] [REI-ReloadPlugins/INFO] (REI) [REI] Reloaded Plugin Manager [REIPlugin] with 9 plugins in 66.59 ms.
[16:16:59] [REI-ReloadPlugins/INFO] (REI) [REI] Reloaded Plugin Manager [REIClientPlugin] with 6 plugins in 353.0 ms.
[16:16:59] [REI-ReloadPlugins/INFO] (REI) [REI] Reloaded Plugin Manager [REIServerPlugin] with 3 plugins in 1.736 ms.
[16:16:59] [REI-ReloadPlugins/INFO] (REI) [REI] Reloading Plugin Manager [REIPlugin] stage [END], registered 9 plugins: DefaultRuntimePlugin of DefaultRuntimePlugin [roughlyenoughitems], CulinaireREIPlugin of CulinaireREIPlugin [culinaire], DefaultClientRuntimePlugin of DefaultClientRuntimePlugin [roughlyenoughitems], FarmersDelightModREI of FarmersDelightModREI [farmersdelight], ExpandedDelightREI of ExpandedDelightREI [expandeddelight], BWREIPlugin of BWREIPlugin [bewitchment], FabricFluidAPISupportPlugin, DefaultPlugin of DefaultPlugin [roughlyenoughitems], DefaultClientPlugin of DefaultClientPlugin [roughlyenoughitems]
[16:16:59] [REI-ReloadPlugins/INFO] (REI) [REI] Reloading Plugin Manager [REIClientPlugin] stage [END], registered 6 plugins: CulinaireREIPlugin of CulinaireREIPlugin [culinaire], DefaultClientRuntimePlugin of DefaultClientRuntimePlugin [roughlyenoughitems], FarmersDelightModREI of FarmersDelightModREI [farmersdelight], ExpandedDelightREI of ExpandedDelightREI [expandeddelight], BWREIPlugin of BWREIPlugin [bewitchment], DefaultClientPlugin of DefaultClientPlugin [roughlyenoughitems]
[16:16:59] [Render thread/WARN] (patchouli) Recipe farmersdelight:canvas_rug (of type minecraft:crafting) not found
[16:16:59] [Render thread/WARN] (patchouli) Recipe farmersdelight:canvas_sign (of type minecraft:crafting) not found
[16:16:59] [Render thread/WARN] (patchouli) Recipe farmersdelight:bacon_and_eggs (of type minecraft:crafting) not found
[16:17:00] [REI-ReloadPlugins/INFO] (REI) [REI] Reloading Plugin Manager [REIServerPlugin] stage [END], registered 3 plugins: DefaultRuntimePlugin of DefaultRuntimePlugin [roughlyenoughitems], FabricFluidAPISupportPlugin, DefaultPlugin of DefaultPlugin [roughlyenoughitems]
[16:17:00] [REI-ReloadPlugins/INFO] (REI) [REI] Reloaded Plugin Manager [REIPlugin] with 9 plugins in 44.32 ms.
[16:17:00] [REI-ReloadPlugins/INFO] (REI) [REI] Reloaded Plugin Manager [REIClientPlugin] with 6 plugins in 439.6 ms.
[16:17:00] [REI-ReloadPlugins/INFO] (REI) [REI] Reloaded Plugin Manager [REIServerPlugin] with 3 plugins in 9.022 ms.
[16:17:39] [Server thread/INFO] (Minecraft) Saving and pausing game...
[16:17:39] [Server thread/INFO] (Minecraft) Saving chunks for level 'ServerLevel[New World]'/minecraft:overworld
[16:17:39] [Server thread/INFO] (Minecraft) Saving chunks for level 'ServerLevel[New World]'/minecraft:the_nether
[16:17:39] [Server thread/INFO] (Minecraft) Saving chunks for level 'ServerLevel[New World]'/minecraft:the_end
[16:27:13] [Server thread/INFO] (Minecraft) Player34 lost connection: Disconnected
[16:27:13] [Server thread/INFO] (Minecraft) Player34 left the game
[16:27:13] [Server thread/INFO] (Minecraft) Stopping singleplayer server as player logged out
[16:27:13] [Server thread/INFO] (Minecraft) Stopping server
[16:27:13] [Server thread/INFO] (Minecraft) Saving players
[16:27:13] [Server thread/INFO] (Minecraft) Saving worlds
[16:27:14] [Server thread/INFO] (Minecraft) Saving chunks for level 'ServerLevel[New World]'/minecraft:overworld
[16:27:14] [Server thread/INFO] (Minecraft) Saving chunks for level 'ServerLevel[New World]'/minecraft:the_nether
[16:27:14] [Server thread/INFO] (Minecraft) Saving chunks for level 'ServerLevel[New World]'/minecraft:the_end
[16:27:14] [Server thread/INFO] (Minecraft) ThreadedAnvilChunkStorage (New World): All chunks are saved
[16:27:14] [Server thread/INFO] (Minecraft) ThreadedAnvilChunkStorage (DIM-1): All chunks are saved
[16:27:14] [Server thread/INFO] (Minecraft) ThreadedAnvilChunkStorage (DIM1): All chunks are saved
[16:27:14] [Server thread/INFO] (Minecraft) ThreadedAnvilChunkStorage: All dimensions are saved
[16:27:14] [Render thread/INFO] (cbcollection) This line is printed by an example mod mixin!
[16:27:14] [Render thread/INFO] (expandeddelight) This makes sure Expanded Delight mixins are loaded
[16:27:15] [Render thread/INFO] (Minecraft) Stopping!
